<?xml version="1.0" encoding="UTF-8"?>
<testsuite xmlns:xsi="http://www.w3.org/2001/XMLSchema-instance" xsi:noNamespaceSchemaLocation="https://maven.apache.org/surefire/maven-surefire-plugin/xsd/surefire-test-report.xsd" name="com.bso.companycob.domain.entity.QuotaCollectionTest" time="0.005" tests="11" errors="0" skipped="0" failures="0">
  <properties>
[...]
</properties>
  <testcase name="testGetNextOpenQuotaWhenIsFirst" classname="com.bso.companycob.domain.entity.QuotaCollectionTest" time="0"/>
  <testcase name="testCreateQuotaCollectionWithEmptyQuotas" classname="com.bso.companycob.domain.entity.QuotaCollectionTest" time="0"/>
  <testcase name="testGetNextOpenQuotaWhenIsLast" classname="com.bso.companycob.domain.entity.QuotaCollectionTest" time="0"/>
  <testcase name="testCreateQuotaCollectionWithSuccess" classname="com.bso.companycob.domain.entity.QuotaCollectionTest" time="0"/>
  <testcase name="testGetNextOpenQuotaWhenIsMiddle" classname="com.bso.companycob.domain.entity.QuotaCollectionTest" time="0"/>
  <testcase name="testReceivePaymentGreaterThanValue" classname="com.bso.companycob.domain.entity.QuotaCollectionTest" time="0"/>
  <testcase name="testGetNextOpenQuotaWhenHaveNone" classname="com.bso.companycob.domain.entity.QuotaCollectionTest" time="0"/>
  <testcase name="testReceivePaymentEqualsValue" classname="com.bso.companycob.domain.entity.QuotaCollectionTest" time="0.001"/>
  <testcase name="testCreateQuotaCollectionWithNullQuotas" classname="com.bso.companycob.domain.entity.QuotaCollectionTest" time="0.001"/>
  <testcase name="testReceivePaymentSmallerThanValue" classname="com.bso.companycob.domain.entity.QuotaCollectionTest" time="0"/>
  <testcase name="testReceivePaymentZero" classname="com.bso.companycob.domain.entity.QuotaCollectionTest" time="0"/>
</testsuite>